<?xml version="1.0" encoding="UTF-8"?>
<testsuite name="powerpackage.PowerTest" tests="4" skipped="0" failures="0" errors="0" timestamp="2024-07-26T16:07:58" hostname="DESKTOP-EM6T293" time="0.021">
  <properties/>
  <testcase name="oneRaisedToOneIsOne" classname="powerpackage.PowerTest" time="0.012"/>
  <testcase name="twoRaisedToOneIsTwo" classname="powerpackage.PowerTest" time="0.001"/>
  <testcase name="threeRaisedToTwoIsNine" classname="powerpackage.PowerTest" time="0.001"/>
  <testcase name="twoPowerTwoIsFour" classname="powerpackage.PowerTest" time="0.005"/>
  <system-out><![CDATA[]]></system-out>
  <system-err><![CDATA[]]></system-err>
</testsuite>
